<?xml version="1.0" encoding="UTF-8"?>
<testng-results ignored="0" total="1" passed="1" failed="0" skipped="0">
  <reporter-output>
    <line>
      <![CDATA[Purchase-00000000139     Purchase-00000000139]]>
    </line>
  </reporter-output>
  <suite started-at="2024-04-25T14:51:56Z" name="Surefire suite" finished-at="2024-04-25T14:53:19Z" duration-ms="82597">
    <groups>
    </groups>
    <test started-at="2024-04-25T14:51:56Z" name="Surefire test" finished-at="2024-04-25T14:53:19Z" duration-ms="82597">
      <class name="driverFactory.AppTest">
        <test-method signature="KickStart()[pri:0, instance:driverFactory.AppTest@1cab0bfb]" started-at="2024-04-25T14:51:56Z" name="KickStart" finished-at="2024-04-25T14:53:19Z" duration-ms="82492" status="PASS">
          <reporter-output>
            <line>
              <![CDATA[Purchase-00000000139     Purchase-00000000139]]>
            </line>
          </reporter-output>
        </test-method> <!-- KickStart -->
      </class> <!-- driverFactory.AppTest -->
    </test> <!-- Surefire test -->
  </suite> <!-- Surefire suite -->
</testng-results>
