<?xml version="1.0" encoding="UTF-8"?>
<testng-results ignored="0" total="1" passed="1" failed="0" skipped="0">
  <reporter-output>
    <line>
      <![CDATA[Purchase-00000000129     Purchase-00000000129]]>
    </line>
  </reporter-output>
  <suite started-at="2024-04-22T14:00:54Z" name="Default suite" finished-at="2024-04-22T14:01:52Z" duration-ms="57499">
    <groups>
    </groups>
    <test started-at="2024-04-22T14:00:54Z" name="Default test" finished-at="2024-04-22T14:01:52Z" duration-ms="57499">
      <class name="driverFactory.AppTest">
        <test-method signature="KickStart()[pri:0, instance:driverFactory.AppTest@451001e5]" started-at="2024-04-22T14:00:54Z" name="KickStart" finished-at="2024-04-22T14:01:52Z" duration-ms="57348" status="PASS">
          <reporter-output>
            <line>
              <![CDATA[Purchase-00000000129     Purchase-00000000129]]>
            </line>
          </reporter-output>
        </test-method> <!-- KickStart -->
      </class> <!-- driverFactory.AppTest -->
    </test> <!-- Default test -->
  </suite> <!-- Default suite -->
</testng-results>
